[LOG] System::create                           : Header version = 1.08.14. Current version = 1.08.14.
[LOG] SystemI::init                            : FMOD Studio Version: 00010814 (80900)
[LOG] SystemI::init                            : maxchannels = 256, flags = 00020000, extradriverdata = 0000000000000000
[LOG] SystemI::close                           : 
[LOG] SystemI::close                           : Stop all sounds
[LOG] SystemI::close                           : done.

[LOG] OutputWASAPI::init                       : Mix Format (WAVEFORMATEX): wFormatTag=0xFFFE, nChannels=2, nSamplesPerSec=48000, nAvgBytesPerSec=384000, nBlockAlign=8, wBitsPerSample=32, cbSize=22.
[LOG] OutputWASAPI::init                       : Mix Format (WAVEFORMATEXTENSIBLE): wValidBitsPerSample=32, dwChannelMask=0x00000003, SubFormat=00000003-0000-0010-8000-00AA00389B71.
[LOG] OutputWASAPI::init                       : Output buffer size: 4096 samples, latency: 0.00ms, period: 10.00ms, DSP buffer: 1024 * 4
[LOG] Thread::initThread                       : Initializing FMOD mixer thread.  priority 3
[LOG] Thread::initThread                       : - Stacksize 49152.  Stack pointer 0000000000000000 : usesemaphore = 0 : sleeptime = 0
[LOG] Thread::callback                         : * FMOD mixer thread started
[LOG] SystemI::init                            : Set up emulated output
[LOG] SystemI::init                            : create the channel pool
[LOG] Thread::initThread                       : Initializing FMOD stream thread.  priority 2
[LOG] Thread::initThread                       : - Stacksize 65536.  Stack pointer 0000000000000000 : usesemaphore = 0 : sleeptime = 10
[LOG] Thread::callback                         : * FMOD stream thread started
[LOG] Thread::initThread                       : Initializing FMOD Studio sample load thread.  priority 0
[LOG] Thread::initThread                       : - Stacksize 65536.  Stack pointer 0000000000000000 : usesemaphore = 0 : sleeptime = 1
[LOG] Thread::callback                         : * FMOD Studio sample load thread started
[LOG] Thread::initThread                       : Initializing FMOD Studio bank load thread.  priority 0
[LOG] Thread::initThread                       : - Stacksize 65536.  Stack pointer 0000000000000000 : usesemaphore = 0 : sleeptime = 1
[LOG] Thread::callback                         : * FMOD Studio bank load thread started
[LOG] SoundI::release                          :  (000000001F6C4268)
[LOG] SoundI::release                          : release subsounds. (000000001F6C4268)
[LOG] SoundI::release                          :     PE_weapon_smg_shot_1 (000000002F5F7818)
[LOG] SoundI::release                          : release codec. (000000001F6C4268)
[LOG] SoundI::release                          :  (0000000011263998)
[LOG] SoundI::release                          : release subsounds. (0000000011263998)
[LOG] SoundI::release                          :     PE_weapon_smg_shot_2 (000000002FB5D1A8)
[LOG] SoundI::release                          : release codec. (0000000011263998)
[LOG] SoundI::release                          :  (000000001F6C3298)
[LOG] SoundI::release                          : release subsounds. (000000001F6C3298)
[LOG] SoundI::release                          :     PE_weapon_smg_shot_3 (000000002F5F8498)
[LOG] SoundI::release                          : release codec. (000000001F6C3298)
[LOG] SoundI::release                          :  (0000000011262F88)
[LOG] SoundI::release                          : release subsounds. (0000000011262F88)
[LOG] SoundI::release                          :     PE_weapon_smg_shot_4 (000000002FB5C208)
[LOG] SoundI::release                          : release codec. (0000000011262F88)
[LOG] SoundI::release                          :  (00000000112636B8)
[LOG] SoundI::release                          : release subsounds. (00000000112636B8)
[LOG] SoundI::release                          :     PE_weapon_smg_shot_5 (000000002F5F8628)
[LOG] SoundI::release                          : release codec. (00000000112636B8)
[LOG] SoundI::release                          :  (0000000011263548)
[LOG] SoundI::release                          : release subsounds. (0000000011263548)
[LOG] SoundI::release                          :     PE_weapon_smg_shot_6 (000000002FB5D338)
[LOG] SoundI::release                          : release codec. (0000000011263548)
[LOG] SoundI::release                          :  (000000001F6C4B08)
[LOG] SoundI::release                          : release subsounds. (000000001F6C4B08)
[LOG] SoundI::release                          :     PE_weapon_smg_shot_7 (000000002F5F8178)
[LOG] SoundI::release                          : release codec. (000000001F6C4B08)
[LOG] SoundI::release                          :  (00000000112633D8)
[LOG] SoundI::release                          : release subsounds. (00000000112633D8)
[LOG] SoundI::release                          :     PE_weapon_smg_shot_8 (000000001126B4C8)
[LOG] SoundI::release                          : release codec. (00000000112633D8)
[LOG] SoundI::release                          :  (0000000011262578)
[LOG] SoundI::release                          : release subsounds. (0000000011262578)
[LOG] SoundI::release                          :     PE_weapon_smg_bfall_1 (000000002F5F7E58)
[LOG] SoundI::release                          : release codec. (0000000011262578)
[LOG] SoundI::release                          :  (0000000011263828)
[LOG] SoundI::release                          : release subsounds. (0000000011263828)
[LOG] SoundI::release                          :     PE_weapon_smg_bfall_2 (000000002FB5D018)
[LOG] SoundI::release                          : release codec. (0000000011263828)
[LOG] SoundI::release                          :  (0000000011263B08)
[LOG] SoundI::release                          : release subsounds. (0000000011263B08)
[LOG] SoundI::release                          :     PE_weapon_smg_bfall_3 (000000002FB5BEE8)
[LOG] SoundI::release                          : release codec. (0000000011263B08)
[LOG] SoundI::release                          :  (0000000011262408)
[LOG] SoundI::release                          : release subsounds. (0000000011262408)
[LOG] SoundI::release                          :     PE_weapon_smg_bfall_4 (000000002FB5CB68)
[LOG] SoundI::release                          : release codec. (0000000011262408)
[LOG] SoundI::release                          :  (0000000011263C78)
[LOG] SoundI::release                          : release subsounds. (0000000011263C78)
[LOG] SoundI::release                          :     PE_weapon_smg_bfall_5 (000000002FB5B718)
[LOG] SoundI::release                          : release codec. (0000000011263C78)
[LOG] SoundI::release                          :  (000000001F6C40F8)
[LOG] SoundI::release                          : release subsounds. (000000001F6C40F8)
[LOG] SoundI::release                          :     PE_weapon_smg_bfall_6 (000000002F5F8308)
[LOG] SoundI::release                          : release codec. (000000001F6C40F8)
[LOG] SoundI::release                          :  (0000000011262298)
[LOG] SoundI::release                          : release subsounds. (0000000011262298)
[LOG] SoundI::release                          :     PE_weapon_smg_bfall_7 (000000002FB5BD58)
[LOG] SoundI::release                          : release codec. (0000000011262298)
[LOG] SoundI::release                          :  (000000001F6C4C78)
[LOG] SoundI::release                          : release subsounds. (000000001F6C4C78)
[LOG] SoundI::release                          :     PE_weapon_smg_bfall_8 (000000002F5F7CC8)
[LOG] SoundI::release                          : release codec. (000000001F6C4C78)
[LOG] SoundI::release                          :  (000000001F6C3128)
[LOG] SoundI::release                          : release subsounds. (000000001F6C3128)
[LOG] SoundI::release                          :     PE_shooter_alarm_loop (000000002F5F7688)
[LOG] SoundI::release                          : release codec. (000000001F6C3128)
[LOG] SoundI::release                          :  (0000000011261FB8)
[LOG] SoundI::release                          : release subsounds. (0000000011261FB8)
[LOG] SoundI::release                          :     PE_envi_door_access (000000002FB5C848)
[LOG] SoundI::release                          : release codec. (0000000011261FB8)
[LOG] SoundI::release                          :  (0000000011263DE8)
[LOG] SoundI::release                          : release subsounds. (0000000011263DE8)
[LOG] SoundI::release                          :     PE_weapon_smg_reload (000000002FB5C9D8)
[LOG] SoundI::release                          : release codec. (0000000011263DE8)
[LOG] Thread::callback                         : * FMOD Studio update thread finished
[LOG] Thread::close                            : FMOD Studio update thread thread destroyed
[LOG] Thread::callback                         : * FMOD Studio bank load thread finished
[LOG] Thread::close                            : FMOD Studio bank load thread thread destroyed
[LOG] LiveUpdate::clientDisconnected           : client = 000000002F5801A8
[LOG] LiveUpdate::reset                        : Reset connection (reason Disconnected)
[LOG] Profile::disconnectAll                   : Profiler disconnecting all clients
[LOG] Thread::callback                         : * FMOD Studio sample load thread finished
[LOG] Thread::close                            : FMOD Studio sample load thread thread destroyed
[LOG] LiveUpdate::release                      : 
[LOG] LiveUpdate::reset                        : Reset connection (reason Disconnected)
[LOG] SystemI::close                           : 
[LOG] SystemI::close                           : Stop all sounds
[LOG] Thread::callback                         : * FMOD stream thread finished
[LOG] Thread::close                            : FMOD stream thread thread destroyed
[LOG] SystemI::close                           : Stream thread destroyed
[LOG] Thread::callback                         : * FMOD mixer thread finished
[LOG] Thread::close                            : FMOD mixer thread thread destroyed
[LOG] SystemI::close                           : Free master channel group.
[LOG] SystemI::close                           : Remove 'master' sound group.
[LOG] SystemI::close                           : Free software output.
[LOG] SystemI::close                           : Free emulated output.
[LOG] SystemI::close                           : Free channel pool.
[LOG] SystemI::close                           : done.

